<?xml version="1.0" encoding="UTF-8"?>
<testsuite name="RunServerTest" tests="1" skipped="0" failures="0" errors="0" timestamp="2022-01-25T18:09:36" hostname="Nadias-MBP.home" time="0.018">
  <properties/>
  <testcase name="testSocketsAreCreated()" classname="RunServerTest" time="0.018"/>
  <system-out><![CDATA[]]></system-out>
  <system-err><![CDATA[]]></system-err>
</testsuite>
